Log file open, 11/13/19 22:33:36
LogWindows: Failed to load 'aqProf.dll' (GetLastError=126)
LogWindows: File 'aqProf.dll' does not exist
LogWindows: Failed to load 'VtuneApi.dll' (GetLastError=126)
LogWindows: File 'VtuneApi.dll' does not exist
LogWindows: Failed to load 'VtuneApi32e.dll' (GetLastError=126)
LogWindows: File 'VtuneApi32e.dll' does not exist
LogConsoleResponse: Display: Failed to find resolution value strings in scalability ini. Falling back to default.
LogInit: Display: Running engine for game: GB
LogPakFile: Registered encryption key '00000000000000000000000000000000': 0 pak files mounted, 0 remain pending
LogPlatformFile: Not using cached read wrapper
LogTaskGraph: Started task graph with 5 named threads and 23 total threads with 3 sets of task threads.
LogStats: Stats thread started at 0.302075
LogD3D11RHI: Loaded GFSDK_Aftermath_Lib.x64.dll
LogICUInternationalization: ICU TimeZone Detection - Raw Offset: -3:00, Platform Override: ''
LogPluginManager: Mounting plugin Paper2D
LogPluginManager: Mounting plugin AISupport
LogPluginManager: Mounting plugin LightPropagationVolume
LogPluginManager: Mounting plugin ActorLayerUtilities
LogPluginManager: Mounting plugin AnimationSharing
LogPluginManager: Mounting plugin CLionSourceCodeAccess
LogPluginManager: Mounting plugin CodeLiteSourceCodeAccess
LogPluginManager: Mounting plugin GitSourceControl
LogPluginManager: Mounting plugin KDevelopSourceCodeAccess
LogPluginManager: Mounting plugin NullSourceCodeAccess
LogPluginManager: Mounting plugin PerforceSourceControl
LogPluginManager: Mounting plugin SubversionSourceControl
LogPluginManager: Mounting plugin UObjectPlugin
LogPluginManager: Mounting plugin VisualStudioCodeSourceCodeAccess
LogPluginManager: Mounting plugin VisualStudioSourceCodeAccess
LogPluginManager: Mounting plugin XCodeSourceCodeAccess
LogPluginManager: Mounting plugin AssetManagerEditor
LogPluginManager: Mounting plugin CryptoKeys
LogPluginManager: Mounting plugin DataValidation
LogPluginManager: Mounting plugin FacialAnimation
LogPluginManager: Mounting plugin GameplayTagsEditor
LogPluginManager: Mounting plugin MacGraphicsSwitching
LogPluginManager: Mounting plugin MaterialAnalyzer
LogPluginManager: Mounting plugin MobileLauncherProfileWizard
LogPluginManager: Mounting plugin PluginBrowser
LogPluginManager: Mounting plugin SpeedTreeImporter
LogPluginManager: Mounting plugin DatasmithContent
LogPluginManager: Mounting plugin VariantManagerContent
LogPluginManager: Mounting plugin AlembicImporter
LogPluginManager: Mounting plugin AppleImageUtils
LogPluginManager: Mounting plugin AppleVision
LogPluginManager: Mounting plugin BackChannel
LogPluginManager: Mounting plugin CharacterAI
LogPluginManager: Mounting plugin GeometryCache
LogPluginManager: Mounting plugin HTML5Networking
LogPluginManager: Mounting plugin ProxyLODPlugin
LogPluginManager: Mounting plugin SkeletalReduction
LogPluginManager: Mounting plugin MagicLeap
LogPluginManager: Mounting plugin MagicLeapMedia
LogPluginManager: Mounting plugin AndroidMedia
LogPluginManager: Mounting plugin AvfMedia
LogPluginManager: Mounting plugin ImgMedia
LogPluginManager: Mounting plugin LinearTimecode
LogPluginManager: Mounting plugin MediaCompositing
LogPluginManager: Mounting plugin MediaPlayerEditor
LogPluginManager: Mounting plugin WebMMedia
LogPluginManager: Mounting plugin WmfMedia
LogPluginManager: Mounting plugin TcpMessaging
LogPluginManager: Mounting plugin UdpMessaging
LogPluginManager: Mounting plugin ActorSequence
LogPluginManager: Mounting plugin LevelSequenceEditor
LogPluginManager: Mounting plugin MatineeToLevelSequence
LogPluginManager: Mounting plugin NetcodeUnitTest
LogPluginManager: Mounting plugin NUTUnrealEngine4
LogPluginManager: Mounting plugin OnlineSubsystemGooglePlay
LogPluginManager: Mounting plugin OnlineSubsystemIOS
LogPluginManager: Mounting plugin OnlineSubsystem
LogPluginManager: Mounting plugin OnlineSubsystemNull
LogPluginManager: Mounting plugin OnlineSubsystemUtils
LogPluginManager: Mounting plugin LauncherChunkInstaller
LogPluginManager: Mounting plugin AndroidDeviceProfileSelector
LogPluginManager: Mounting plugin AndroidMoviePlayer
LogPluginManager: Mounting plugin AndroidPermission
LogPluginManager: Mounting plugin AppleMoviePlayer
LogPluginManager: Mounting plugin ArchVisCharacter
LogPluginManager: Mounting plugin AudioCapture
LogPluginManager: Mounting plugin CableComponent
LogPluginManager: Mounting plugin CustomMeshComponent
LogPluginManager: Mounting plugin EditableMesh
LogPluginManager: Mounting plugin ExampleDeviceProfileSelector
LogPluginManager: Mounting plugin Firebase
LogPluginManager: Mounting plugin GoogleCloudMessaging
LogPluginManager: Mounting plugin IOSDeviceProfileSelector
LogPluginManager: Mounting plugin LinuxDeviceProfileSelector
LogPluginManager: Mounting plugin LocationServicesBPLibrary
LogPluginManager: Mounting plugin MobilePatchingUtils
LogPluginManager: Mounting plugin OculusVR
LogPluginManager: Mounting plugin PhysXVehicles
LogPluginManager: Mounting plugin ProceduralMeshComponent
LogPluginManager: Mounting plugin RuntimePhysXCooking
LogPluginManager: Mounting plugin SignificanceManager
LogPluginManager: Mounting plugin SteamVR
LogPluginManager: Mounting plugin WebMMoviePlayer
LogPluginManager: Mounting plugin WindowsMoviePlayer
LogInit: Warning: Incompatible or missing module: GB
Running C:/Program Files/Epic Games/UE_4.22/Engine/Binaries/DotNET/UnrealBuildTool.exe Development Win64 -Project="C:/Users/Alexandre/Documents/AnimGB/GB/GB.uproject" -TargetType=Editor -Progress -NoHotReloadFromIDE
Using 'git status' to determine working set for adaptive non-unity build (C:\Users\Alexandre\Documents\AnimGB).
Creating makefile for GBEditor (game project files are newer)
@progress push 5%
Parsing headers for GBEditor
  Running UnrealHeaderTool "C:\Users\Alexandre\Documents\AnimGB\GB\GB.uproject" "C:\Users\Alexandre\Documents\AnimGB\GB\Intermediate\Build\Win64\GBEditor\Development\GBEditor.uhtmanifest" -LogCmds="loginit warning, logexit warning, logdatabase error" -Unattended -WarningsAsErrors -installed
Reflection code generated for GBEditor in 22,684949 seconds
@progress pop
Using Visual Studio 2017 14.16.27023 toolchain (C:\Program Files (x86)\Microsoft Visual Studio\2017\Community\VC\Tools\MSVC\14.16.27023) and Windows 10.0.16299.0 SDK (C:\Program Files (x86)\Windows Kits\10).
Building 9 actions with 8 processes...
  @progress 'Compiling C++ source code...' 0%
  @progress 'Compiling C++ source code...' 11%
  [1/9] Default.rc2
  @progress 'Compiling C++ source code...' 22%
  [2/9] SharedPCH.Engine.cpp
  @progress 'Compiling C++ source code...' 33%
  [3/9] GB.cpp
  @progress 'Compiling C++ source code...' 44%
  [4/9] GB.init.gen.cpp
  @progress 'Compiling C++ source code...' 56%
  [5/9] GBGameModeBase.cpp
  @progress 'Compiling C++ source code...' 67%
  [6/9] GBGameModeBase.gen.cpp
  @progress 'Compiling C++ source code...' 78%
  [7/9] UE4Editor-GB.lib
     Criando biblioteca C:\Users\Alexandre\Documents\AnimGB\GB\Intermediate\Build\Win64\UE4Editor\Development\GB\UE4Editor-GB.lib e objeto C:\Users\Alexandre\Documents\AnimGB\GB\Intermediate\Build\Win64\UE4Editor\Development\GB\UE4Editor-GB.exp
  @progress 'Compiling C++ source code...' 89%
  [8/9] UE4Editor-GB.dll
     Criando biblioteca C:\Users\Alexandre\Documents\AnimGB\GB\Intermediate\Build\Win64\UE4Editor\Development\GB\UE4Editor-GB.suppressed.lib e objeto C:\Users\Alexandre\Documents\AnimGB\GB\Intermediate\Build\Win64\UE4Editor\Development\GB\UE4Editor-GB.suppressed.exp
  @progress 'Compiling C++ source code...' 100%
  [9/9] GBEditor.target
Total time in Parallel executor: 28,41 seconds
Total execution time: 54,14 seconds
LogInit: Using libcurl 7.55.1-DEV
LogInit:  - built for x86_64-pc-win32
LogInit:  - supports SSL with OpenSSL/1.1.1
LogInit:  - supports HTTP deflate (compression) using libz 1.2.8
LogInit:  - other features:
LogInit:      CURL_VERSION_SSL
LogInit:      CURL_VERSION_LIBZ
LogInit:      CURL_VERSION_IPV6
LogInit:      CURL_VERSION_ASYNCHDNS
LogInit:      CURL_VERSION_LARGEFILE
LogInit:      CURL_VERSION_IDN
LogInit:  CurlRequestOptions (configurable via config and command line):
LogInit:  - bVerifyPeer = true  - Libcurl will verify peer certificate
LogInit:  - bUseHttpProxy = false  - Libcurl will NOT use HTTP proxy
LogInit:  - bDontReuseConnections = false  - Libcurl will reuse connections
LogInit:  - MaxHostConnections = 16  - Libcurl will limit the number of connections to a host
LogInit:  - LocalHostAddr = Default
LogInit:  - BufferSize = 65536
LogInit: WinSock: version 1.1 (2.2), MaxSocks=32767, MaxUdp=65467
LogInit: Build: ++UE4+Release-4.22-CL-7053642
LogInit: Engine Version: 4.22.3-7053642+++UE4+Release-4.22
LogInit: Compatible Engine Version: 4.22.0-5660361+++UE4+Release-4.22
LogInit: Net CL: 5660361
LogInit: OS: Windows 10 (Release 1803) (), CPU: Intel(R) Core(TM) i7-7700HQ CPU @ 2.80GHz, GPU: Intel(R) HD Graphics 630
LogInit: Compiled (64-bit): Jun 18 2019 03:09:11
LogInit: Compiled with Visual C++: 19.16.27025.01
LogInit: Build Configuration: Development
LogInit: Branch Name: ++UE4+Release-4.22
LogInit: Command Line: 
LogInit: Base Directory: C:/Program Files/Epic Games/UE_4.22/Engine/Binaries/Win64/
LogInit: Installed Engine Build: 1
LogDevObjectVersion: Number of dev versions registered: 23
LogDevObjectVersion:   Dev-Blueprints (B0D832E4-1F89-4F0D-ACCF-7EB736FD4AA2): 10
LogDevObjectVersion:   Dev-Build (E1C64328-A22C-4D53-A36C-8E866417BD8C): 0
LogDevObjectVersion:   Dev-Core (375EC13C-06E4-48FB-B500-84F0262A717E): 3
LogDevObjectVersion:   Dev-Editor (E4B068ED-F494-42E9-A231-DA0B2E46BB41): 30
LogDevObjectVersion:   Dev-Framework (CFFC743F-43B0-4480-9391-14DF171D2073): 35
LogDevObjectVersion:   Dev-Mobile (B02B49B5-BB20-44E9-A304-32B752E40360): 2
LogDevObjectVersion:   Dev-Networking (A4E4105C-59A1-49B5-A7C5-40C4547EDFEE): 0
LogDevObjectVersion:   Dev-Online (39C831C9-5AE6-47DC-9A44-9C173E1C8E7C): 0
LogDevObjectVersion:   Dev-Physics (78F01B33-EBEA-4F98-B9B4-84EACCB95AA2): 0
LogDevObjectVersion:   Dev-Platform (6631380F-2D4D-43E0-8009-CF276956A95A): 0
LogDevObjectVersion:   Dev-Rendering (12F88B9F-8875-4AFC-A67C-D90C383ABD29): 28
LogDevObjectVersion:   Dev-Sequencer (7B5AE74C-D270-4C10-A958-57980B212A5A): 11
LogDevObjectVersion:   Dev-VR (D7296918-1DD6-4BDD-9DE2-64A83CC13884): 2
LogDevObjectVersion:   Dev-LoadTimes (C2A15278-BFE7-4AFE-6C17-90FF531DF755): 1
LogDevObjectVersion:   Private-Geometry (6EACA3D4-40EC-4CC1-B786-8BED09428FC5): 3
LogDevObjectVersion:   Dev-AnimPhys (29E575DD-E0A3-4627-9D10-D276232CDCEA): 17
LogDevObjectVersion:   Dev-Anim (AF43A65D-7FD3-4947-9873-3E8ED9C1BB05): 2
LogDevObjectVersion:   Dev-ReflectionCapture (6B266CEC-1EC7-4B8F-A30B-E4D90942FC07): 1
LogDevObjectVersion:   Dev-Automation (0DF73D61-A23F-47EA-B727-89E90C41499A): 1
LogDevObjectVersion:   FortniteMain (601D1886-AC64-4F84-AA16-D3DE0DEAC7D6): 25
LogDevObjectVersion:   Dev-Enterprise (9DFFBCD6-494F-0158-E221-12823C92A888): 6
LogDevObjectVersion:   Dev-Niagara (F2AED0AC-9AFE-416F-8664-AA7FFA26D6FC): 1
LogDevObjectVersion:   Dev-Destruction (174F1F0B-B4C6-45A5-B13F-2EE8D0FB917D): 2
LogInit: Presizing for max 16777216 objects, including 0 objects not considered by GC, pre-allocating 0 bytes for permanent pool.
LogInit: Object subsystem initialized
LogConfig: Setting CVar [[con.DebugEarlyDefault:1]]
LogConfig: Setting CVar [[r.setres:1280x720]]
[2019.11.14-01.34.33:786][  0]LogConfig: Setting CVar [[r.VSync:0]]
[2019.11.14-01.34.33:786][  0]LogConfig: Setting CVar [[r.RHICmdBypass:0]]
[2019.11.14-01.34.33:786][  0]LogConfig: Applying CVar settings from Section [/Script/Engine.RendererSettings] File [C:/Users/Alexandre/Documents/AnimGB/GB/Saved/Config/Windows/Engine.ini]
[2019.11.14-01.34.33:786][  0]LogConfig: Setting CVar [[r.GPUCrashDebugging:0]]
[2019.11.14-01.34.33:786][  0]LogConfig: Setting CVar [[r.DefaultFeature.AutoExposure.ExtendDefaultLuminanceRange:1]]
[2019.11.14-01.34.33:786][  0]LogConfig: Applying CVar settings from Section [/Script/Engine.RendererOverrideSettings] File [C:/Users/Alexandre/Documents/AnimGB/GB/Saved/Config/Windows/Engine.ini]
[2019.11.14-01.34.33:786][  0]LogConfig: Applying CVar settings from Section [/Script/Engine.StreamingSettings] File [C:/Users/Alexandre/Documents/AnimGB/GB/Saved/Config/Windows/Engine.ini]
[2019.11.14-01.34.33:786][  0]LogConfig: Setting CVar [[s.MinBulkDataSizeForAsyncLoading:131072]]
[2019.11.14-01.34.33:786][  0]LogConfig: Setting CVar [[s.AsyncLoadingThreadEnabled:0]]
[2019.11.14-01.34.33:786][  0]LogConfig: Setting CVar [[s.EventDrivenLoaderEnabled:1]]
[2019.11.14-01.34.33:786][  0]LogConfig: Setting CVar [[s.WarnIfTimeLimitExceeded:0]]
[2019.11.14-01.34.33:786][  0]LogConfig: Setting CVar [[s.TimeLimitExceededMultiplier:1.5]]
[2019.11.14-01.34.33:786][  0]LogConfig: Setting CVar [[s.TimeLimitExceededMinTime:0.005]]
[2019.11.14-01.34.33:786][  0]LogConfig: Setting CVar [[s.UseBackgroundLevelStreaming:1]]
[2019.11.14-01.34.33:786][  0]LogConfig: Setting CVar [[s.PriorityAsyncLoadingExtraTime:15.0]]
[2019.11.14-01.34.33:786][  0]LogConfig: Setting CVar [[s.LevelStreamingActorsUpdateTimeLimit:5.0]]
[2019.11.14-01.34.33:786][  0]LogConfig: Setting CVar [[s.PriorityLevelStreamingActorsUpdateExtraTime:5.0]]
[2019.11.14-01.34.33:786][  0]LogConfig: Setting CVar [[s.LevelStreamingComponentsRegistrationGranularity:10]]
[2019.11.14-01.34.33:786][  0]LogConfig: Setting CVar [[s.UnregisterComponentsTimeLimit:1.0]]
[2019.11.14-01.34.33:786][  0]LogConfig: Setting CVar [[s.LevelStreamingComponentsUnregistrationGranularity:5]]
[2019.11.14-01.34.33:786][  0]LogConfig: Applying CVar settings from Section [/Script/Engine.GarbageCollectionSettings] File [C:/Users/Alexandre/Documents/AnimGB/GB/Saved/Config/Windows/Engine.ini]
[2019.11.14-01.34.33:786][  0]LogConfig: Setting CVar [[gc.MaxObjectsNotConsideredByGC:1]]
[2019.11.14-01.34.33:786][  0]LogConfig: Setting CVar [[gc.SizeOfPermanentObjectPool:0]]
[2019.11.14-01.34.33:787][  0]LogConfig: Setting CVar [[gc.FlushStreamingOnGC:0]]
[2019.11.14-01.34.33:787][  0]LogConfig: Setting CVar [[gc.NumRetriesBeforeForcingGC:10]]
[2019.11.14-01.34.33:787][  0]LogConfig: Setting CVar [[gc.AllowParallelGC:1]]
[2019.11.14-01.34.33:787][  0]LogConfig: Setting CVar [[gc.TimeBetweenPurgingPendingKillObjects:61.1]]
[2019.11.14-01.34.33:787][  0]LogConfig: Setting CVar [[gc.MaxObjectsInEditor:16777216]]
[2019.11.14-01.34.33:787][  0]LogConfig: Setting CVar [[gc.IncrementalBeginDestroyEnabled:1]]
[2019.11.14-01.34.33:787][  0]LogConfig: Setting CVar [[gc.CreateGCClusters:1]]
[2019.11.14-01.34.33:787][  0]LogConfig: Setting CVar [[gc.MinGCClusterSize:5]]
[2019.11.14-01.34.33:787][  0]LogConfig: Setting CVar [[gc.ActorClusteringEnabled:0]]
[2019.11.14-01.34.33:787][  0]LogConfig: Setting CVar [[gc.BlueprintClusteringEnabled:0]]
[2019.11.14-01.34.33:787][  0]LogConfig: Setting CVar [[gc.UseDisregardForGCOnDedicatedServers:0]]
[2019.11.14-01.34.33:787][  0]LogConfig: Applying CVar settings from Section [/Script/Engine.NetworkSettings] File [C:/Users/Alexandre/Documents/AnimGB/GB/Saved/Config/Windows/Engine.ini]
[2019.11.14-01.34.33:787][  0]LogConfig: Applying CVar settings from Section [/Script/UnrealEd.CookerSettings] File [C:/Users/Alexandre/Documents/AnimGB/GB/Saved/Config/Windows/Engine.ini]
[2019.11.14-01.34.33:792][  0]LogConfig: Applying CVar settings from Section [ViewDistanceQuality@3] File [C:/Users/Alexandre/Documents/AnimGB/GB/Saved/Config/Windows/Scalability.ini]
[2019.11.14-01.34.33:792][  0]LogConfig: Setting CVar [[r.SkeletalMeshLODBias:0]]
[2019.11.14-01.34.33:792][  0]LogConfig: Setting CVar [[r.ViewDistanceScale:1.0]]
[2019.11.14-01.34.33:792][  0]LogConfig: Applying CVar settings from Section [AntiAliasingQuality@3] File [C:/Users/Alexandre/Documents/AnimGB/GB/Saved/Config/Windows/Scalability.ini]
[2019.11.14-01.34.33:792][  0]LogConfig: Setting CVar [[r.PostProcessAAQuality:4]]
[2019.11.14-01.34.33:792][  0]LogConfig: Applying CVar settings from Section [ShadowQuality@3] File [C:/Users/Alexandre/Documents/AnimGB/GB/Saved/Config/Windows/Scalability.ini]
[2019.11.14-01.34.33:792][  0]LogConfig: Setting CVar [[r.LightFunctionQuality:1]]
[2019.11.14-01.34.33:792][  0]LogConfig: Setting CVar [[r.ShadowQuality:5]]
[2019.11.14-01.34.33:792][  0]LogConfig: Setting CVar [[r.Shadow.CSM.MaxCascades:10]]
[2019.11.14-01.34.33:792][  0]LogConfig: Setting CVar [[r.Shadow.MaxResolution:2048]]
[2019.11.14-01.34.33:792][  0]LogConfig: Setting CVar [[r.Shadow.MaxCSMResolution:2048]]
[2019.11.14-01.34.33:792][  0]LogConfig: Setting CVar [[r.Shadow.RadiusThreshold:0.01]]
[2019.11.14-01.34.33:792][  0]LogConfig: Setting CVar [[r.Shadow.DistanceScale:1.0]]
[2019.11.14-01.34.33:792][  0]LogConfig: Setting CVar [[r.Shadow.CSM.TransitionScale:1.0]]
[2019.11.14-01.34.33:792][  0]LogConfig: Setting CVar [[r.Shadow.PreShadowResolutionFactor:1.0]]
[2019.11.14-01.34.33:792][  0]LogConfig: Setting CVar [[r.DistanceFieldShadowing:1]]
[2019.11.14-01.34.33:792][  0]LogConfig: Setting CVar [[r.DistanceFieldAO:1]]
[2019.11.14-01.34.33:792][  0]LogConfig: Setting CVar [[r.AOQuality:2]]
[2019.11.14-01.34.33:792][  0]LogConfig: Setting CVar [[r.VolumetricFog:1]]
[2019.11.14-01.34.33:793][  0]LogConfig: Setting CVar [[r.VolumetricFog.GridPixelSize:8]]
[2019.11.14-01.34.33:793][  0]LogConfig: Setting CVar [[r.VolumetricFog.GridSizeZ:128]]
[2019.11.14-01.34.33:793][  0]LogConfig: Setting CVar [[r.VolumetricFog.HistoryMissSupersampleCount:4]]
[2019.11.14-01.34.33:793][  0]LogConfig: Setting CVar [[r.LightMaxDrawDistanceScale:1]]
[2019.11.14-01.34.33:793][  0]LogConfig: Setting CVar [[r.CapsuleShadows:1]]
[2019.11.14-01.34.33:793][  0]LogConfig: Applying CVar settings from Section [PostProcessQuality@3] File [C:/Users/Alexandre/Documents/AnimGB/GB/Saved/Config/Windows/Scalability.ini]
[2019.11.14-01.34.33:793][  0]LogConfig: Setting CVar [[r.MotionBlurQuality:4]]
[2019.11.14-01.34.33:793][  0]LogConfig: Setting CVar [[r.AmbientOcclusionMipLevelFactor:0.4]]
[2019.11.14-01.34.33:793][  0]LogConfig: Setting CVar [[r.AmbientOcclusionMaxQuality:100]]
[2019.11.14-01.34.33:793][  0]LogConfig: Setting CVar [[r.AmbientOcclusionLevels:-1]]
[2019.11.14-01.34.33:793][  0]LogConfig: Setting CVar [[r.AmbientOcclusionRadiusScale:1.0]]
[2019.11.14-01.34.33:793][  0]LogConfig: Setting CVar [[r.DepthOfFieldQuality:2]]
[2019.11.14-01.34.33:793][  0]LogConfig: Setting CVar [[r.RenderTargetPoolMin:400]]
[2019.11.14-01.34.33:793][  0]LogConfig: Setting CVar [[r.LensFlareQuality:2]]
[2019.11.14-01.34.33:793][  0]LogConfig: Setting CVar [[r.SceneColorFringeQuality:1]]
[2019.11.14-01.34.33:793][  0]LogConfig: Setting CVar [[r.EyeAdaptationQuality:2]]
[2019.11.14-01.34.33:793][  0]LogConfig: Setting CVar [[r.BloomQuality:5]]
[2019.11.14-01.34.33:793][  0]LogConfig: Setting CVar [[r.FastBlurThreshold:100]]
[2019.11.14-01.34.33:793][  0]LogConfig: Setting CVar [[r.Upscale.Quality:3]]
[2019.11.14-01.34.33:793][  0]LogConfig: Setting CVar [[r.Tonemapper.GrainQuantization:1]]
[2019.11.14-01.34.33:793][  0]LogConfig: Setting CVar [[r.LightShaftQuality:1]]
[2019.11.14-01.34.33:793][  0]LogConfig: Setting CVar [[r.Filter.SizeScale:1]]
[2019.11.14-01.34.33:793][  0]LogConfig: Setting CVar [[r.Tonemapper.Quality:5]]
[2019.11.14-01.34.33:793][  0]LogConfig: Setting CVar [[r.DOF.Gather.AccumulatorQuality:1        ; higher gathering accumulator quality]]
[2019.11.14-01.34.33:793][  0]LogConfig: Setting CVar [[r.DOF.Gather.PostfilterMethod:1          ; Median3x3 postfilering method]]
[2019.11.14-01.34.33:793][  0]LogConfig: Setting CVar [[r.DOF.Gather.EnableBokehSettings:0       ; no bokeh simulation when gathering]]
[2019.11.14-01.34.33:793][  0]LogConfig: Setting CVar [[r.DOF.Gather.RingCount:4                 ; medium number of samples when gathering]]
[2019.11.14-01.34.33:793][  0]LogConfig: Setting CVar [[r.DOF.Scatter.ForegroundCompositing:1    ; additive foreground scattering]]
[2019.11.14-01.34.33:793][  0]LogConfig: Setting CVar [[r.DOF.Scatter.BackgroundCompositing:2    ; additive background scattering]]
[2019.11.14-01.34.33:793][  0]LogConfig: Setting CVar [[r.DOF.Scatter.EnableBokehSettings:1      ; bokeh simulation when scattering]]
[2019.11.14-01.34.33:793][  0]LogConfig: Setting CVar [[r.DOF.Scatter.MaxSpriteRatio:0.1         ; only a maximum of 10% of scattered bokeh]]
[2019.11.14-01.34.33:793][  0]LogConfig: Setting CVar [[r.DOF.Recombine.Quality:1                ; cheap slight out of focus]]
[2019.11.14-01.34.33:793][  0]LogConfig: Setting CVar [[r.DOF.Recombine.EnableBokehSettings:0    ; no bokeh simulation on slight out of focus]]
[2019.11.14-01.34.33:793][  0]LogConfig: Setting CVar [[r.DOF.TemporalAAQuality:1                ; more stable temporal accumulation]]
[2019.11.14-01.34.33:793][  0]LogConfig: Setting CVar [[r.DOF.Kernel.MaxForegroundRadius:0.025]]
[2019.11.14-01.34.33:793][  0]LogConfig: Setting CVar [[r.DOF.Kernel.MaxBackgroundRadius:0.025]]
[2019.11.14-01.34.33:793][  0]LogConfig: Applying CVar settings from Section [TextureQuality@3] File [C:/Users/Alexandre/Documents/AnimGB/GB/Saved/Config/Windows/Scalability.ini]
[2019.11.14-01.34.33:793][  0]LogConfig: Setting CVar [[r.Streaming.MipBias:0]]
[2019.11.14-01.34.33:793][  0]LogConfig: Setting CVar [[r.Streaming.AmortizeCPUToGPUCopy:0]]
[2019.11.14-01.34.33:793][  0]LogConfig: Setting CVar [[r.Streaming.MaxNumTexturesToStreamPerFrame:0]]
[2019.11.14-01.34.33:793][  0]LogConfig: Setting CVar [[r.Streaming.Boost:1]]
[2019.11.14-01.34.33:793][  0]LogConfig: Setting CVar [[r.MaxAnisotropy:8]]
[2019.11.14-01.34.33:793][  0]LogConfig: Setting CVar [[r.Streaming.LimitPoolSizeToVRAM:0]]
[2019.11.14-01.34.33:793][  0]LogConfig: Setting CVar [[r.Streaming.PoolSize:1000]]
[2019.11.14-01.34.33:793][  0]LogConfig: Setting CVar [[r.Streaming.MaxEffectiveScreenSize:0]]
[2019.11.14-01.34.33:793][  0]LogConfig: Applying CVar settings from Section [EffectsQuality@3] File [C:/Users/Alexandre/Documents/AnimGB/GB/Saved/Config/Windows/Scalability.ini]
[2019.11.14-01.34.33:793][  0]LogConfig: Setting CVar [[r.TranslucencyLightingVolumeDim:64]]
[2019.11.14-01.34.33:793][  0]LogConfig: Setting CVar [[r.RefractionQuality:2]]
[2019.11.14-01.34.33:793][  0]LogConfig: Setting CVar [[r.SSR.Quality:3]]
[2019.11.14-01.34.33:793][  0]LogConfig: Setting CVar [[r.SceneColorFormat:4]]
[2019.11.14-01.34.33:793][  0]LogConfig: Setting CVar [[r.DetailMode:2]]
[2019.11.14-01.34.33:793][  0]LogConfig: Setting CVar [[r.TranslucencyVolumeBlur:1]]
[2019.11.14-01.34.33:793][  0]LogConfig: Setting CVar [[r.MaterialQualityLevel:1 ; High quality]]
[2019.11.14-01.34.33:793][  0]LogConfig: Setting CVar [[r.SSS.Scale:1]]
[2019.11.14-01.34.33:793][  0]LogConfig: Setting CVar [[r.SSS.SampleSet:2]]
[2019.11.14-01.34.33:793][  0]LogConfig: Setting CVar [[r.SSS.Quality:1]]
[2019.11.14-01.34.33:793][  0]LogConfig: Setting CVar [[r.SSS.HalfRes:1]]
[2019.11.14-01.34.33:793][  0]LogConfig: Setting CVar [[r.EmitterSpawnRateScale:1.0]]
[2019.11.14-01.34.33:793][  0]LogConfig: Setting CVar [[r.ParticleLightQuality:2]]
[2019.11.14-01.34.33:793][  0]LogConfig: Applying CVar settings from Section [FoliageQuality@3] File [C:/Users/Alexandre/Documents/AnimGB/GB/Saved/Config/Windows/Scalability.ini]
[2019.11.14-01.34.33:793][  0]LogConfig: Setting CVar [[foliage.DensityScale:1.0]]
[2019.11.14-01.34.33:793][  0]LogConfig: Setting CVar [[grass.DensityScale:1.0]]
[2019.11.14-01.34.33:793][  0]LogInit: Selected Device Profile: [Windows]
[2019.11.14-01.34.33:793][  0]LogInit: Applying CVar settings loaded from the selected device profile: [Windows]
[2019.11.14-01.34.33:809][  0]LogHAL: Display: Platform has ~ 16 GB [17063231488 / 17179869184 / 16], which maps to Larger [LargestMinGB=32, LargerMinGB=12, DefaultMinGB=8, SmallerMinGB=6, SmallestMinGB=0)
[2019.11.14-01.34.33:809][  0]LogConfig: Setting CVar [[r.Vulkan.UseRealUBs:0		; Required until we fix HLR fall-out]]
[2019.11.14-01.34.33:809][  0]LogInit: Going up to parent DeviceProfile []
[2019.11.14-01.34.33:810][  0]LogConfig: Applying CVar settings from Section [ViewDistanceQuality@1] File [C:/Users/Alexandre/Documents/AnimGB/GB/Saved/Config/Windows/Scalability.ini]
[2019.11.14-01.34.33:810][  0]LogConfig: Setting CVar [[r.SkeletalMeshLODBias:1]]
[2019.11.14-01.34.33:810][  0]LogConfig: Setting CVar [[r.ViewDistanceScale:0.6]]
[2019.11.14-01.34.33:810][  0]LogConfig: Applying CVar settings from Section [AntiAliasingQuality@1] File [C:/Users/Alexandre/Documents/AnimGB/GB/Saved/Config/Windows/Scalability.ini]
[2019.11.14-01.34.33:810][  0]LogConfig: Setting CVar [[r.PostProcessAAQuality:2]]
[2019.11.14-01.34.33:810][  0]LogConfig: Applying CVar settings from Section [ShadowQuality@1] File [C:/Users/Alexandre/Documents/AnimGB/GB/Saved/Config/Windows/Scalability.ini]
[2019.11.14-01.34.33:810][  0]LogConfig: Setting CVar [[r.LightFunctionQuality:1]]
[2019.11.14-01.34.33:810][  0]LogConfig: Setting CVar [[r.ShadowQuality:3]]
[2019.11.14-01.34.33:810][  0]LogConfig: Setting CVar [[r.Shadow.CSM.MaxCascades:1]]
[2019.11.14-01.34.33:810][  0]LogConfig: Setting CVar [[r.Shadow.MaxResolution:1024]]
[2019.11.14-01.34.33:810][  0]LogConfig: Setting CVar [[r.Shadow.MaxCSMResolution:1024]]
[2019.11.14-01.34.33:810][  0]LogConfig: Setting CVar [[r.Shadow.RadiusThreshold:0.05]]
[2019.11.14-01.34.33:810][  0]LogConfig: Setting CVar [[r.Shadow.DistanceScale:0.7]]
[2019.11.14-01.34.33:810][  0]LogConfig: Setting CVar [[r.Shadow.CSM.TransitionScale:0.25]]
[2019.11.14-01.34.33:810][  0]LogConfig: Setting CVar [[r.Shadow.PreShadowResolutionFactor:0.5]]
[2019.11.14-01.34.33:810][  0]LogConfig: Setting CVar [[r.DistanceFieldShadowing:0]]
[2019.11.14-01.34.33:810][  0]LogConfig: Setting CVar [[r.DistanceFieldAO:0]]
[2019.11.14-01.34.33:810][  0]LogConfig: Setting CVar [[r.VolumetricFog:0]]
[2019.11.14-01.34.33:810][  0]LogConfig: Setting CVar [[r.LightMaxDrawDistanceScale:.5]]
[2019.11.14-01.34.33:810][  0]LogConfig: Setting CVar [[r.CapsuleShadows:1]]
[2019.11.14-01.34.33:810][  0]LogConfig: Applying CVar settings from Section [PostProcessQuality@1] File [C:/Users/Alexandre/Documents/AnimGB/GB/Saved/Config/Windows/Scalability.ini]
[2019.11.14-01.34.33:810][  0]LogConfig: Setting CVar [[r.MotionBlurQuality:3]]
[2019.11.14-01.34.33:810][  0]LogConfig: Setting CVar [[r.AmbientOcclusionMipLevelFactor:1.0]]
[2019.11.14-01.34.33:810][  0]LogConfig: Setting CVar [[r.AmbientOcclusionMaxQuality:60]]
[2019.11.14-01.34.33:810][  0]LogConfig: Setting CVar [[r.AmbientOcclusionLevels:-1]]
[2019.11.14-01.34.33:810][  0]LogConfig: Setting CVar [[r.AmbientOcclusionRadiusScale:1.5]]
[2019.11.14-01.34.33:810][  0]LogConfig: Setting CVar [[r.DepthOfFieldQuality:1]]
[2019.11.14-01.34.33:810][  0]LogConfig: Setting CVar [[r.RenderTargetPoolMin:350]]
[2019.11.14-01.34.33:810][  0]LogConfig: Setting CVar [[r.LensFlareQuality:0]]
[2019.11.14-01.34.33:810][  0]LogConfig: Setting CVar [[r.SceneColorFringeQuality:0]]
[2019.11.14-01.34.33:810][  0]LogConfig: Setting CVar [[r.EyeAdaptationQuality:0]]
[2019.11.14-01.34.33:810][  0]LogConfig: Setting CVar [[r.BloomQuality:4]]
[2019.11.14-01.34.33:810][  0]LogConfig: Setting CVar [[r.FastBlurThreshold:2]]
[2019.11.14-01.34.33:810][  0]LogConfig: Setting CVar [[r.Upscale.Quality:2]]
[2019.11.14-01.34.33:810][  0]LogConfig: Setting CVar [[r.Tonemapper.GrainQuantization:0]]
[2019.11.14-01.34.33:810][  0]LogConfig: Setting CVar [[r.LightShaftQuality:0]]
[2019.11.14-01.34.33:810][  0]LogConfig: Setting CVar [[r.Filter.SizeScale:0.7]]
[2019.11.14-01.34.33:810][  0]LogConfig: Setting CVar [[r.Tonemapper.Quality:2]]
[2019.11.14-01.34.33:810][  0]LogConfig: Setting CVar [[r.DOF.Gather.AccumulatorQuality:0        ; lower gathering accumulator quality]]
[2019.11.14-01.34.33:810][  0]LogConfig: Setting CVar [[r.DOF.Gather.PostfilterMethod:2          ; Max3x3 postfilering method]]
[2019.11.14-01.34.33:810][  0]LogConfig: Setting CVar [[r.DOF.Gather.EnableBokehSettings:0       ; no bokeh simulation when gathering]]
[2019.11.14-01.34.33:810][  0]LogConfig: Setting CVar [[r.DOF.Gather.RingCount:3                 ; low number of samples when gathering]]
[2019.11.14-01.34.33:810][  0]LogConfig: Setting CVar [[r.DOF.Scatter.ForegroundCompositing:0    ; no foreground scattering]]
[2019.11.14-01.34.33:810][  0]LogConfig: Setting CVar [[r.DOF.Scatter.BackgroundCompositing:0    ; no foreground scattering]]
[2019.11.14-01.34.33:810][  0]LogConfig: Setting CVar [[r.DOF.Recombine.Quality:0                ; no slight out of focus]]
[2019.11.14-01.34.33:810][  0]LogConfig: Setting CVar [[r.DOF.TemporalAAQuality:0                ; faster temporal accumulation]]
[2019.11.14-01.34.33:810][  0]LogConfig: Setting CVar [[r.DOF.Kernel.MaxForegroundRadius:0.006   ; required because low gathering and no scattering and not looking great at 1080p]]
[2019.11.14-01.34.33:810][  0]LogConfig: Setting CVar [[r.DOF.Kernel.MaxBackgroundRadius:0.006   ; required because low gathering and no scattering and not looking great at 1080p]]
[2019.11.14-01.34.33:810][  0]LogConfig: Applying CVar settings from Section [TextureQuality@1] File [C:/Users/Alexandre/Documents/AnimGB/GB/Saved/Config/Windows/Scalability.ini]
[2019.11.14-01.34.33:810][  0]LogConfig: Setting CVar [[r.Streaming.MipBias:1]]
[2019.11.14-01.34.33:810][  0]LogConfig: Setting CVar [[r.Streaming.AmortizeCPUToGPUCopy:0]]
[2019.11.14-01.34.33:810][  0]LogConfig: Setting CVar [[r.Streaming.MaxNumTexturesToStreamPerFrame:0]]
[2019.11.14-01.34.33:810][  0]LogConfig: Setting CVar [[r.Streaming.Boost:1]]
[2019.11.14-01.34.33:810][  0]LogConfig: Setting CVar [[r.MaxAnisotropy:2]]
[2019.11.14-01.34.33:810][  0]LogConfig: Setting CVar [[r.Streaming.LimitPoolSizeToVRAM:1]]
[2019.11.14-01.34.33:810][  0]LogConfig: Setting CVar [[r.Streaming.PoolSize:600]]
[2019.11.14-01.34.33:810][  0]LogConfig: Setting CVar [[r.Streaming.MaxEffectiveScreenSize:0]]
[2019.11.14-01.34.33:810][  0]LogConfig: Applying CVar settings from Section [EffectsQuality@1] File [C:/Users/Alexandre/Documents/AnimGB/GB/Saved/Config/Windows/Scalability.ini]
[2019.11.14-01.34.33:810][  0]LogConfig: Setting CVar [[r.TranslucencyLightingVolumeDim:32]]
[2019.11.14-01.34.33:810][  0]LogConfig: Setting CVar [[r.RefractionQuality:0]]
[2019.11.14-01.34.33:811][  0]LogConfig: Setting CVar [[r.SSR.Quality:0]]
[2019.11.14-01.34.33:811][  0]LogConfig: Setting CVar [[r.SceneColorFormat:3]]
[2019.11.14-01.34.33:811][  0]LogConfig: Setting CVar [[r.DetailMode:1]]
[2019.11.14-01.34.33:811][  0]LogConfig: Setting CVar [[r.TranslucencyVolumeBlur:0]]
[2019.11.14-01.34.33:811][  0]LogConfig: Setting CVar [[r.MaterialQualityLevel:2 ; Medium quality]]
[2019.11.14-01.34.33:811][  0]LogConfig: Setting CVar [[r.SSS.Scale:0.75]]
[2019.11.14-01.34.33:811][  0]LogConfig: Setting CVar [[r.SSS.SampleSet:0]]
[2019.11.14-01.34.33:811][  0]LogConfig: Setting CVar [[r.SSS.Quality:0]]
[2019.11.14-01.34.33:811][  0]LogConfig: Setting CVar [[r.SSS.HalfRes:1]]
[2019.11.14-01.34.33:811][  0]LogConfig: Setting CVar [[r.EmitterSpawnRateScale:0.25]]
[2019.11.14-01.34.33:811][  0]LogConfig: Setting CVar [[r.ParticleLightQuality:0]]
[2019.11.14-01.34.33:811][  0]LogConfig: Applying CVar settings from Section [FoliageQuality@1] File [C:/Users/Alexandre/Documents/AnimGB/GB/Saved/Config/Windows/Scalability.ini]
[2019.11.14-01.34.33:811][  0]LogConfig: Setting CVar [[foliage.DensityScale:0.4]]
[2019.11.14-01.34.33:811][  0]LogConfig: Setting CVar [[grass.DensityScale:0.4]]
[2019.11.14-01.34.33:811][  0]LogConfig: Applying CVar settings from Section [Startup] File [../../../Engine/Config/ConsoleVariables.ini]
[2019.11.14-01.34.33:811][  0]LogConfig: Setting CVar [[net.UseAdaptiveNetUpdateFrequency:0]]
[2019.11.14-01.34.33:811][  0]LogConfig: Setting CVar [[p.chaos.AllowCreatePhysxBodies:1]]
[2019.11.14-01.34.33:811][  0]LogConfig: Applying CVar settings from Section [ConsoleVariables] File [C:/Users/Alexandre/Documents/AnimGB/GB/Saved/Config/Windows/Engine.ini]
[2019.11.14-01.34.33:811][  0]LogInit: Computer: DESKTOP-2FLK6S5
[2019.11.14-01.34.33:812][  0]LogInit: User: Alexandre
[2019.11.14-01.34.33:812][  0]LogInit: CPU Page size=4096, Cores=4
[2019.11.14-01.34.33:812][  0]LogInit: High frequency timer resolution =2.742185 MHz
[2019.11.14-01.34.33:812][  0]LogMemory: Memory total: Physical=15.9GB (16GB approx)
[2019.11.14-01.34.33:812][  0]LogMemory: Platform Memory Stats for Windows
[2019.11.14-01.34.33:812][  0]LogMemory: Process Physical Memory: 96.52 MB used, 96.52 MB peak
[2019.11.14-01.34.33:812][  0]LogMemory: Process Virtual Memory: 89.44 MB used, 89.44 MB peak
[2019.11.14-01.34.33:812][  0]LogMemory: Physical Memory: 4623.28 MB used,  11649.48 MB free, 16272.77 MB total
[2019.11.14-01.34.33:812][  0]LogMemory: Virtual Memory: 4701.23 MB used,  134213024.00 MB free, 134217728.00 MB total
[2019.11.14-01.34.33:846][  0]LogInit: Overriding language with editor language configuration option (en).
[2019.11.14-01.34.33:847][  0]LogInit: Overriding locale with editor locale configuration option (en).
[2019.11.14-01.34.34:052][  0]LogInit: Setting process to per monitor DPI aware
[2019.11.14-01.34.34:112][  0]LogSlate: New Slate User Created.  User Index 0, Is Virtual User: 0
[2019.11.14-01.34.34:112][  0]LogSlate: Slate User Registered.  User Index 0, Is Virtual User: 0
[2019.11.14-01.34.34:404][  0]LogHMD: Failed to initialize OpenVR with code 110
[2019.11.14-01.34.34:404][  0]LogD3D11RHI: D3D11 adapters:
[2019.11.14-01.34.34:503][  0]LogD3D11RHI:    0. 'NVIDIA GeForce GTX 1050 Ti' (Feature Level 11_0)
[2019.11.14-01.34.34:503][  0]LogD3D11RHI:       4018/0/8136 MB DedicatedVideo/DedicatedSystem/SharedSystem, Outputs:1, VendorId:0x10de
[2019.11.14-01.34.34:521][  0]LogD3D11RHI:    1. 'Intel(R) HD Graphics 630' (Feature Level 11_0)
[2019.11.14-01.34.34:521][  0]LogD3D11RHI:       128/0/8136 MB DedicatedVideo/DedicatedSystem/SharedSystem, Outputs:0, VendorId:0x8086
[2019.11.14-01.34.34:524][  0]LogD3D11RHI:    2. 'Microsoft Basic Render Driver' (Feature Level 11_0)
[2019.11.14-01.34.34:524][  0]LogD3D11RHI:       0/0/8136 MB DedicatedVideo/DedicatedSystem/SharedSystem, Outputs:0, VendorId:0x1414
[2019.11.14-01.34.34:524][  0]LogD3D11RHI: Chosen D3D11 Adapter: 0
[2019.11.14-01.34.34:556][  0]LogD3D11RHI: Creating new Direct3DDevice
[2019.11.14-01.34.34:556][  0]LogD3D11RHI:     GPU DeviceId: 0x1c8c (for the marketing name, search the web for "GPU Device Id")
[2019.11.14-01.34.34:556][  0]LogWindows: EnumDisplayDevices:
[2019.11.14-01.34.34:556][  0]LogWindows:    0. 'Intel(R) HD Graphics 630' (P:1 D:1)
[2019.11.14-01.34.34:558][  0]LogWindows:    1. 'Intel(R) HD Graphics 630' (P:0 D:0)
[2019.11.14-01.34.34:560][  0]LogWindows:    2. 'Intel(R) HD Graphics 630' (P:0 D:0)
[2019.11.14-01.34.34:561][  0]LogWindows:    3. 'NVIDIA GeForce GTX 1050 Ti' (P:0 D:0)
[2019.11.14-01.34.34:561][  0]LogWindows:    4. 'NVIDIA GeForce GTX 1050 Ti' (P:0 D:0)
[2019.11.14-01.34.34:562][  0]LogWindows:    5. 'NVIDIA GeForce GTX 1050 Ti' (P:0 D:0)
[2019.11.14-01.34.34:562][  0]LogWindows:    6. 'NVIDIA GeForce GTX 1050 Ti' (P:0 D:0)
[2019.11.14-01.34.34:562][  0]LogWindows: DebugString: PrimaryIsNotTheChoosenAdapter PrimaryIsNotTheChoosenAdapter PrimaryIsNotTheChoosenAdapter FoundDriverCount:4 
[2019.11.14-01.34.34:562][  0]LogD3D11RHI:     Adapter Name: NVIDIA GeForce GTX 1050 Ti
[2019.11.14-01.34.34:563][  0]LogD3D11RHI:   Driver Version: 441.08 (internal:26.21.14.4108, unified:441.08)
[2019.11.14-01.34.34:563][  0]LogD3D11RHI:      Driver Date: 10-22-2019
[2019.11.14-01.34.34:563][  0]LogRHI: Texture pool is 2812 MB (70% of 4018 MB)
[2019.11.14-01.34.34:618][  0]LogD3D11RHI: Async texture creation enabled
[2019.11.14-01.34.34:637][  0]LogRendererCore: FGlobalReadBuffer::InitRHI
[2019.11.14-01.34.34:637][  0]LogRendererCore: FGlobalReadBuffer::InitRHI
[2019.11.14-01.34.34:637][  0]LogRendererCore: FGlobalReadBuffer::InitRHI
[2019.11.14-01.34.34:647][  0]LogD3D11RHI: GPU Timing Frequency: 1000.000000 (Debug: 2 1)
[2019.11.14-01.34.34:967][  0]LogTemp: Display: Module 'AllDesktopTargetPlatform' loaded TargetPlatform 'AllDesktop'
[2019.11.14-01.34.34:985][  0]LogTemp: Display: Module 'MacClientTargetPlatform' loaded TargetPlatform 'MacClient'
[2019.11.14-01.34.35:003][  0]LogTemp: Display: Module 'MacNoEditorTargetPlatform' loaded TargetPlatform 'MacNoEditor'
[2019.11.14-01.34.35:018][  0]LogTemp: Display: Module 'MacServerTargetPlatform' loaded TargetPlatform 'MacServer'
[2019.11.14-01.34.35:036][  0]LogTemp: Display: Module 'MacTargetPlatform' loaded TargetPlatform 'Mac'
[2019.11.14-01.34.35:052][  0]LogTemp: Display: Module 'WindowsClientTargetPlatform' loaded TargetPlatform 'WindowsClient'
[2019.11.14-01.34.35:070][  0]LogTemp: Display: Module 'WindowsNoEditorTargetPlatform' loaded TargetPlatform 'WindowsNoEditor'
[2019.11.14-01.34.35:087][  0]LogTemp: Display: Module 'WindowsServerTargetPlatform' loaded TargetPlatform 'WindowsServer'
[2019.11.14-01.34.35:098][  0]LogTemp: Display: Module 'WindowsTargetPlatform' loaded TargetPlatform 'Windows'
[2019.11.14-01.34.35:202][  0]LogTemp: Display: Module 'AndroidTargetPlatform' loaded TargetPlatform 'Android'
[2019.11.14-01.34.35:202][  0]LogTemp: Display: Module 'AndroidTargetPlatform' loaded TargetPlatform 'Android_ASTC'
[2019.11.14-01.34.35:202][  0]LogTemp: Display: Module 'AndroidTargetPlatform' loaded TargetPlatform 'Android_ATC'
[2019.11.14-01.34.35:202][  0]LogTemp: Display: Module 'AndroidTargetPlatform' loaded TargetPlatform 'Android_DXT'
[2019.11.14-01.34.35:202][  0]LogTemp: Display: Module 'AndroidTargetPlatform' loaded TargetPlatform 'Android_ETC1'
[2019.11.14-01.34.35:202][  0]LogTemp: Display: Module 'AndroidTargetPlatform' loaded TargetPlatform 'Android_ETC1a'
[2019.11.14-01.34.35:202][  0]LogTemp: Display: Module 'AndroidTargetPlatform' loaded TargetPlatform 'Android_ETC2'
[2019.11.14-01.34.35:202][  0]LogTemp: Display: Module 'AndroidTargetPlatform' loaded TargetPlatform 'Android_PVRTC'
[2019.11.14-01.34.35:202][  0]LogTemp: Display: Module 'AndroidTargetPlatform' loaded TargetPlatform 'AndroidClient'
[2019.11.14-01.34.35:202][  0]LogTemp: Display: Module 'AndroidTargetPlatform' loaded TargetPlatform 'Android_ASTCClient'
[2019.11.14-01.34.35:202][  0]LogTemp: Display: Module 'AndroidTargetPlatform' loaded TargetPlatform 'Android_ATCClient'
[2019.11.14-01.34.35:202][  0]LogTemp: Display: Module 'AndroidTargetPlatform' loaded TargetPlatform 'Android_DXTClient'
[2019.11.14-01.34.35:202][  0]LogTemp: Display: Module 'AndroidTargetPlatform' loaded TargetPlatform 'Android_ETC1Client'
[2019.11.14-01.34.35:202][  0]LogTemp: Display: Module 'AndroidTargetPlatform' loaded TargetPlatform 'Android_ETC1aClient'
[2019.11.14-01.34.35:202][  0]LogTemp: Display: Module 'AndroidTargetPlatform' loaded TargetPlatform 'Android_ETC2Client'
[2019.11.14-01.34.35:202][  0]LogTemp: Display: Module 'AndroidTargetPlatform' loaded TargetPlatform 'Android_PVRTCClient'
[2019.11.14-01.34.35:202][  0]LogTemp: Display: Module 'AndroidTargetPlatform' loaded TargetPlatform 'Android_Multi'
[2019.11.14-01.34.35:202][  0]LogTemp: Display: Module 'AndroidTargetPlatform' loaded TargetPlatform 'Android_MultiClient'
[2019.11.14-01.34.35:204][  0]LogTemp: Display: Module 'HTML5TargetPlatform' loaded TargetPlatform 'HTML5'
[2019.11.14-01.34.35:265][  0]LogTemp: Display: Module 'IOSTargetPlatform' loaded TargetPlatform 'IOSClient'
[2019.11.14-01.34.35:265][  0]LogTemp: Display: Module 'IOSTargetPlatform' loaded TargetPlatform 'IOS'
[2019.11.14-01.34.35:299][  0]LogTemp: Display: Module 'TVOSTargetPlatform' loaded TargetPlatform 'TVOSClient'
[2019.11.14-01.34.35:299][  0]LogTemp: Display: Module 'TVOSTargetPlatform' loaded TargetPlatform 'TVOS'
[2019.11.14-01.34.35:313][  0]LogTemp: Display: Module 'LinuxClientTargetPlatform' loaded TargetPlatform 'LinuxClient'
[2019.11.14-01.34.35:329][  0]LogTemp: Display: Module 'LinuxNoEditorTargetPlatform' loaded TargetPlatform 'LinuxNoEditor'
[2019.11.14-01.34.35:344][  0]LogTemp: Display: Module 'LinuxServerTargetPlatform' loaded TargetPlatform 'LinuxServer'
[2019.11.14-01.34.35:359][  0]LogTemp: Display: Module 'LinuxTargetPlatform' loaded TargetPlatform 'Linux'
[2019.11.14-01.34.35:410][  0]LogTemp: Display: Module 'LuminTargetPlatform' loaded TargetPlatform 'Lumin'
[2019.11.14-01.34.35:410][  0]LogTemp: Display: Module 'LuminTargetPlatform' loaded TargetPlatform 'LuminClient'
[2019.11.14-01.34.35:410][  0]LogTargetPlatformManager: Display: Building Assets For Windows
[2019.11.14-01.34.35:421][  0]LogAudioDebug: Display: Lib vorbis DLL was dynamically loaded.
[2019.11.14-01.34.35:486][  0]LogShaderCompilers: Guid format shader working directory is -4 characters bigger than the processId version (../../../../../../Users/Alexandre/Documents/AnimGB/GB/Intermediate/Shaders/WorkingDirectory/14428/).
[2019.11.14-01.34.35:487][  0]LogShaderCompilers: Cleaned the shader compiler working directory 'C:/Users/Alexandre/AppData/Local/Temp/UnrealShaderWorkingDir/234D98B54CF6AD080DD839B9F70A6FF9/'.
[2019.11.14-01.34.35:491][  0]LogXGEController: Cannot use XGE Controller as Incredibuild is not installed on this machine.
[2019.11.14-01.34.35:491][  0]LogShaderCompilers: Cannot use XGE Shader Compiler as Incredibuild is not installed on this machine.
[2019.11.14-01.34.35:491][  0]LogShaderCompilers: Display: Using Local Shader Compiler.
[2019.11.14-01.34.36:166][  0]LogDerivedDataCache: Display: Max Cache Size: 512 MB
[2019.11.14-01.34.36:236][  0]LogDerivedDataCache: Loaded boot cache 0.07s 74MB C:/Users/Alexandre/AppData/Local/UnrealEngine/4.22/DerivedDataCache/Boot.ddc.
[2019.11.14-01.34.36:236][  0]LogDerivedDataCache: Display: Loaded Boot cache: C:/Users/Alexandre/AppData/Local/UnrealEngine/4.22/DerivedDataCache/Boot.ddc
[2019.11.14-01.34.36:236][  0]LogDerivedDataCache: FDerivedDataBackendGraph:  Pak pak cache file ../../../../../../Users/Alexandre/Documents/AnimGB/GB/DerivedDataCache/DDC.ddp not found, will not use a pak cache.
[2019.11.14-01.34.36:236][  0]LogDerivedDataCache: Unable to find inner node Pak for hierarchical cache Hierarchy.
[2019.11.14-01.34.36:236][  0]LogDerivedDataCache: FDerivedDataBackendGraph:  CompressedPak pak cache file ../../../../../../Users/Alexandre/Documents/AnimGB/GB/DerivedDataCache/Compressed.ddp not found, will not use a pak cache.
[2019.11.14-01.34.36:237][  0]LogDerivedDataCache: Unable to find inner node CompressedPak for hierarchical cache Hierarchy.
[2019.11.14-01.34.36:253][  0]LogDerivedDataCache: Display: Pak cache opened for reading ../../../Engine/DerivedDataCache/Compressed.ddp.
[2019.11.14-01.34.36:253][  0]LogDerivedDataCache: FDerivedDataBackendGraph:  EnterprisePak pak cache file ../../../Enterprise/DerivedDataCache/Compressed.ddp not found, will not use a pak cache.
[2019.11.14-01.34.36:253][  0]LogDerivedDataCache: Unable to find inner node EnterprisePak for hierarchical cache Hierarchy.
[2019.11.14-01.34.36:266][  0]LogDerivedDataCache: Using Local data cache path C:/Users/Alexandre/AppData/Local/UnrealEngine/Common/DerivedDataCache: Writable
[2019.11.14-01.34.36:266][  0]LogDerivedDataCache: Shared data cache path not found in *engine.ini, will not use an Shared cache.
[2019.11.14-01.34.36:266][  0]LogDerivedDataCache: Unable to find inner node Shared for hierarchical cache Hierarchy.
[2019.11.14-01.34.36:301][  0]LogMaterial: Verifying Global Shaders for PCD3D_SM5
[2019.11.14-01.34.36:302][  0]LogSlate: Using FreeType 2.6.0
[2019.11.14-01.34.36:302][  0]LogSlate: SlateFontServices - WITH_FREETYPE: 1, WITH_HARFBUZZ: 1
[2019.11.14-01.34.36:402][  0]LogAssetRegistry: FAssetRegistry took 0.0354 seconds to start up
[2019.11.14-01.34.36:827][  0]LogInit: Selected Device Profile: [Windows]
[2019.11.14-01.34.37:009][  0]LogMeshReduction: Using QuadricMeshReduction for automatic static mesh reduction
[2019.11.14-01.34.37:009][  0]LogMeshReduction: Using SimplygonMeshReduction for automatic skeletal mesh reduction
[2019.11.14-01.34.37:009][  0]LogMeshReduction: Using ProxyLODMeshReduction for automatic mesh merging
[2019.11.14-01.34.37:009][  0]LogMeshReduction: No distributed automatic mesh merging module available
[2019.11.14-01.34.37:009][  0]LogMeshMerging: No distributed automatic mesh merging module available
[2019.11.14-01.34.37:028][  0]LogNetVersion: GB 1.0.0, NetCL: 5660361, EngineNetVer: 10, GameNetVer: 0 (Checksum: 1782906311)
[2019.11.14-01.34.37:582][  0]LogPackageLocalizationCache: Processed 10 localized package path(s) for 1 prioritized culture(s) in 0.054375 seconds
[2019.11.14-01.34.37:592][  0]LogUObjectArray: 42205 objects as part of root set at end of initial load.
[2019.11.14-01.34.37:592][  0]LogUObjectAllocator: 7325032 out of 0 bytes used by permanent object pool.
[2019.11.14-01.34.37:592][  0]LogUObjectArray: CloseDisregardForGC: 0/0 objects in disregard for GC pool
[2019.11.14-01.34.38:681][  0]LogTcpMessaging: Initializing TcpMessaging bridge
[2019.11.14-01.34.38:696][  0]LogUdpMessaging: Initializing bridge on interface 0.0.0.0:0 to multicast group 230.0.0.1:6666.
[2019.11.14-01.34.38:837][  0]SourceControl: Source control is disabled
[2019.11.14-01.34.38:837][  0]SourceControl: Source control is disabled
[2019.11.14-01.34.38:839][  0]SourceControl: Source control is disabled
[2019.11.14-01.34.38:840][  0]SourceControl: Source control is disabled
[2019.11.14-01.34.38:942][  0]LogAndroidPermission: UAndroidPermissionCallbackProxy::GetInstance
[2019.11.14-01.34.39:030][  0]LogOcInput: OculusInput pre-init called
[2019.11.14-01.34.39:880][  0]LogEngine: Initializing Engine...
[2019.11.14-01.34.39:881][  0]LogHMD: Failed to initialize OpenVR with code 110
[2019.11.14-01.34.39:882][  0]LogStats: UGameplayTagsManager::InitializeManager -  0.000 s
[2019.11.14-01.34.40:155][  0]LogInit: Initializing FReadOnlyCVARCache
[2019.11.14-01.34.40:175][  0]LogAIModule: Creating AISystem for world Untitled
[2019.11.14-01.34.40:197][  0]LogInit: XAudio2 using 'Alto-falantes (Realtek High Definition Audio)' : 2 channels at 48 kHz using 32 bits per sample (channel mask 0x3)
[2019.11.14-01.34.40:287][  0]LogInit: FAudioDevice initialized.
[2019.11.14-01.34.40:287][  0]LogNetVersion: Set ProjectVersion to 1.0.0.0. Version Checksum will be recalculated on next use.
[2019.11.14-01.34.40:384][  0]LogDerivedDataCache: Saved boot cache 0.10s 74MB C:/Users/Alexandre/AppData/Local/UnrealEngine/4.22/DerivedDataCache/Boot.ddc.
[2019.11.14-01.34.40:405][  0]LogInit: Texture streaming: Enabled
[2019.11.14-01.34.40:429][  0]LogEngineSessionManager: EngineSessionManager initialized
[2019.11.14-01.34.40:470][  0]LogInit: Transaction tracking system initialized
[2019.11.14-01.34.40:506][  0]BlueprintLog: New page: Editor Load
[2019.11.14-01.34.40:622][  0]LocalizationService: Localization service is disabled
[2019.11.14-01.34.41:879][  0]LogFileCache: Scanning file cache for directory 'C:/Users/Alexandre/Documents/AnimGB/GB/Content/' took 0.01s
[2019.11.14-01.34.41:879][  0]LogCook: Display: Max memory allowance for cook 16384mb min free memory 0mb
[2019.11.14-01.34.41:879][  0]LogCook: Display: Mobile HDR setting 1
[2019.11.14-01.34.42:155][  0]SourceControl: Source control is disabled
[2019.11.14-01.34.42:155][  0]Cmd: MAP LOAD FILE="../../../Engine/Content/Maps/Templates/Template_Default.umap" TEMPLATE=1 SHOWPROGRESS=1 FEATURELEVEL=3
[2019.11.14-01.34.42:156][  0]LightingResults: New page: Lighting Build
[2019.11.14-01.34.42:162][  0]MapCheck: New page: Map Check
[2019.11.14-01.34.42:162][  0]LightingResults: New page: Lighting Build
[2019.11.14-01.34.42:199][  0]LogUObjectHash: Compacting FUObjectHashTables data took   2.21ms
[2019.11.14-01.34.42:332][  0]LogAIModule: Creating AISystem for world Untitled_1
[2019.11.14-01.34.42:340][  0]LogEditorServer: Finished looking for orphan Actors (0.000 secs)
[2019.11.14-01.34.42:378][  0]LogUObjectHash: Compacting FUObjectHashTables data took   3.34ms
[2019.11.14-01.34.42:378][  0]Cmd: MAP CHECKDEP NOCLEARLOG
[2019.11.14-01.34.42:379][  0]MapCheck: Map check complete: 0 Error(s), 0 Warning(s), took 0.218ms to complete.
[2019.11.14-01.34.42:379][  0]LogFileHelpers: Loading map 'Template_Default' took 0.223
[2019.11.14-01.34.42:547][  0]LogSlate: Updating window title bar state: overlay mode, drag disabled, window buttons hidden, title bar hidden
[2019.11.14-01.34.42:564][  0]LogSlate: Updating window title bar state: overlay mode, drag disabled, window buttons hidden, title bar hidden
[2019.11.14-01.34.42:579][  0]LogSlate: Updating window title bar state: overlay mode, drag disabled, window buttons hidden, title bar hidden
[2019.11.14-01.34.42:596][  0]LogSlate: Updating window title bar state: overlay mode, drag disabled, window buttons hidden, title bar hidden
[2019.11.14-01.34.42:621][  0]LogCollectionManager: Loaded 0 collections in 0.002447 seconds
[2019.11.14-01.34.42:684][  0]LogFileCache: Scanning file cache for directory 'C:/Users/Alexandre/Documents/AnimGB/GB/Saved/Collections/' took 0.01s
[2019.11.14-01.34.42:684][  0]LogFileCache: Scanning file cache for directory 'C:/Users/Alexandre/Documents/AnimGB/GB/Content/Developers/Alexandre/Collections/' took 0.01s
[2019.11.14-01.34.42:684][  0]LogFileCache: Scanning file cache for directory 'C:/Users/Alexandre/Documents/AnimGB/GB/Content/Collections/' took 0.01s
[2019.11.14-01.34.42:684][  0]LogCollectionManager: Rebuilt the GUID cache for 0 collections in 0.000001 seconds
[2019.11.14-01.34.42:700][  0]LogContentBrowser: Native class hierarchy populated in 0.0143 seconds. Added 2733 classes and 661 folders.
[2019.11.14-01.34.42:717][  0]LogContentBrowser: Native class hierarchy updated for 'WidgetCarousel' in 0.0004 seconds. Added 0 classes and 0 folders.
[2019.11.14-01.34.42:729][  0]LogPakFile: Registered encryption key '00000000000000000000000000000000': 0 pak files mounted, 0 remain pending
[2019.11.14-01.34.42:739][  0]LogPakFile: Registered encryption key '00000000000000000000000000000000': 0 pak files mounted, 0 remain pending
[2019.11.14-01.34.42:760][  0]LogPakFile: Registered encryption key '00000000000000000000000000000000': 0 pak files mounted, 0 remain pending
[2019.11.14-01.34.42:768][  0]LogPakFile: Registered encryption key '00000000000000000000000000000000': 0 pak files mounted, 0 remain pending
[2019.11.14-01.34.42:774][  0]LogPakFile: Registered encryption key '00000000000000000000000000000000': 0 pak files mounted, 0 remain pending
[2019.11.14-01.34.42:782][  0]LogPakFile: Registered encryption key '00000000000000000000000000000000': 0 pak files mounted, 0 remain pending
[2019.11.14-01.34.42:789][  0]LogPakFile: Registered encryption key '00000000000000000000000000000000': 0 pak files mounted, 0 remain pending
[2019.11.14-01.34.42:798][  0]LogPakFile: Registered encryption key '00000000000000000000000000000000': 0 pak files mounted, 0 remain pending
[2019.11.14-01.34.42:805][  0]LogPakFile: Registered encryption key '00000000000000000000000000000000': 0 pak files mounted, 0 remain pending
[2019.11.14-01.34.42:814][  0]LogPakFile: Registered encryption key '00000000000000000000000000000000': 0 pak files mounted, 0 remain pending
[2019.11.14-01.34.42:822][  0]LogPakFile: Registered encryption key '00000000000000000000000000000000': 0 pak files mounted, 0 remain pending
[2019.11.14-01.34.42:830][  0]LogPakFile: Registered encryption key '00000000000000000000000000000000': 0 pak files mounted, 0 remain pending
[2019.11.14-01.34.42:837][  0]LogPakFile: Registered encryption key '00000000000000000000000000000000': 0 pak files mounted, 0 remain pending
[2019.11.14-01.34.42:845][  0]LogPakFile: Registered encryption key '00000000000000000000000000000000': 0 pak files mounted, 0 remain pending
[2019.11.14-01.34.42:851][  0]LogPakFile: Registered encryption key '00000000000000000000000000000000': 0 pak files mounted, 0 remain pending
[2019.11.14-01.34.42:860][  0]LogPakFile: Registered encryption key '00000000000000000000000000000000': 0 pak files mounted, 0 remain pending
[2019.11.14-01.34.42:895][  0]LogPakFile: Registered encryption key '00000000000000000000000000000000': 0 pak files mounted, 0 remain pending
[2019.11.14-01.34.42:902][  0]LogPakFile: Registered encryption key '00000000000000000000000000000000': 0 pak files mounted, 0 remain pending
[2019.11.14-01.34.42:909][  0]LogPakFile: Registered encryption key '00000000000000000000000000000000': 0 pak files mounted, 0 remain pending
[2019.11.14-01.34.42:916][  0]LogPakFile: Registered encryption key '00000000000000000000000000000000': 0 pak files mounted, 0 remain pending
[2019.11.14-01.34.42:925][  0]LogPakFile: Registered encryption key '00000000000000000000000000000000': 0 pak files mounted, 0 remain pending
[2019.11.14-01.34.42:932][  0]LogPakFile: Registered encryption key '00000000000000000000000000000000': 0 pak files mounted, 0 remain pending
[2019.11.14-01.34.42:941][  0]LogPakFile: Registered encryption key '00000000000000000000000000000000': 0 pak files mounted, 0 remain pending
[2019.11.14-01.34.42:949][  0]LogPakFile: Registered encryption key '00000000000000000000000000000000': 0 pak files mounted, 0 remain pending
[2019.11.14-01.34.42:959][  0]LogPakFile: Registered encryption key '00000000000000000000000000000000': 0 pak files mounted, 0 remain pending
[2019.11.14-01.34.42:968][  0]LogPakFile: Registered encryption key '00000000000000000000000000000000': 0 pak files mounted, 0 remain pending
[2019.11.14-01.34.43:266][  0]LogContentBrowser: Native class hierarchy updated for 'AddContentDialog' in 0.0006 seconds. Added 0 classes and 0 folders.
[2019.11.14-01.34.43:287][  0]LogContentBrowser: Native class hierarchy updated for 'SceneOutliner' in 0.0006 seconds. Added 1 classes and 2 folders.
[2019.11.14-01.34.43:479][  0]LogSlate: Took 0.000337 seconds to synchronously load lazily loaded font '../../../Engine/Content/Slate/Fonts/Roboto-Regular.ttf' (155K)
[2019.11.14-01.34.43:484][  0]LogSlate: Took 0.000433 seconds to synchronously load lazily loaded font '../../../Engine/Content/Slate/Fonts/Roboto-Bold.ttf' (160K)
[2019.11.14-01.34.43:507][  0]LogSlate: Took 0.009606 seconds to synchronously load lazily loaded font '../../../Engine/Content/Editor/Slate/Fonts/FontAwesome.ttf' (139K)
[2019.11.14-01.34.43:688][  0]LogRenderer: Reallocating scene render targets to support 1148x600 Format 9 NumSamples 1 (Frame:1).
[2019.11.14-01.34.43:892][  0]LogContentBrowser: Native class hierarchy updated for 'HierarchicalLODOutliner' in 0.0009 seconds. Added 0 classes and 0 folders.
[2019.11.14-01.34.43:892][  0]LogLoad: (Engine Initialization) Total time: 69.44 seconds
[2019.11.14-01.34.43:892][  0]LogLoad: (Engine Initialization) Total Blueprint compile time: 0.00 seconds
[2019.11.14-01.34.43:912][  0]LogWindowsTextInputMethodSystem: Display: IME system now deactivated.
[2019.11.14-01.34.43:938][  0]LogContentStreaming: Texture pool size now 600 MB
[2019.11.14-01.34.43:991][  0]LogSlate: Took 0.007865 seconds to synchronously load lazily loaded font '../../../Engine/Content/Slate/Fonts/Roboto-Light.ttf' (167K)
[2019.11.14-01.34.48:599][140]LogAssetRegistry: Asset discovery search completed in 12.2215 seconds
[2019.11.14-01.34.48:603][140]LogCollectionManager: Rebuilt the object cache for 0 collections in 0.000000 seconds (found 0 objects)
[2019.11.14-01.34.48:603][140]LogCollectionManager: Fixed up redirectors for 0 collections in 0.000073 seconds (updated 0 objects)
[2019.11.14-01.34.54:661][314]LogSlate: FSceneViewport::OnFocusLost() reason 0
[2019.11.14-01.34.54:929][317]LogSlate: Took 0.000253 seconds to synchronously load lazily loaded font '../../../Engine/Content/Slate/Fonts/Roboto-Light.ttf' (167K)
[2019.11.14-01.34.55:022][317]LogBlueprint: Warning: [Compiler NewAnimBlueprint] Node  Result  uses potentially thread-unsafe call  Get Player Controller . Disable threaded update or use a thread-safe call. Function may need BlueprintThreadSafe metadata adding.
[2019.11.14-01.34.55:022][317]LogBlueprint: Warning: [Compiler NewAnimBlueprint] Node  Result  uses potentially thread-unsafe call  Get Player Controller . Disable threaded update or use a thread-safe call. Function may need BlueprintThreadSafe metadata adding.
[2019.11.14-01.34.55:022][317]LogBlueprint: Warning: [Compiler NewAnimBlueprint] Node  Result  uses potentially thread-unsafe call  Get Player Controller . Disable threaded update or use a thread-safe call. Function may need BlueprintThreadSafe metadata adding.
[2019.11.14-01.34.55:022][317]LogBlueprint: Warning: [Compiler NewAnimBlueprint] Node  Result  uses potentially thread-unsafe call  Get Player Controller . Disable threaded update or use a thread-safe call. Function may need BlueprintThreadSafe metadata adding.
[2019.11.14-01.34.55:022][317]LogBlueprint: Warning: [Compiler NewAnimBlueprint] [0080.57] Compile of NewAnimBlueprint successful, but with 4 Warning(s) [in 16 ms] (/Game/NewAnimBlueprint.NewAnimBlueprint)
[2019.11.14-01.34.55:037][317]LogLinker: Warning: Can't find file '/Game/Untitled_BuiltData'
[2019.11.14-01.34.55:037][317]LogLinker: Warning: Can't find file for asset '/Game/Untitled_BuiltData' while loading NULL.
[2019.11.14-01.34.55:039][317]LogLinker: Warning: Can't find file '/Game/Untitled_BuiltData'
[2019.11.14-01.34.55:039][317]LogLinker: Warning: Can't find file for asset '/Game/Untitled_BuiltData' while loading NULL.
[2019.11.14-01.34.55:040][317]LogLinker: Warning: Can't find file '/Game/Untitled_BuiltData'
[2019.11.14-01.34.55:040][317]LogLinker: Warning: Can't find file for asset '/Game/Untitled_BuiltData' while loading NULL.
[2019.11.14-01.34.55:040][317]LogLinker: Warning: Can't find file '/Game/Untitled_BuiltData'
[2019.11.14-01.34.55:040][317]LogLinker: Warning: Can't find file for asset '/Game/Untitled_BuiltData' while loading NULL.
[2019.11.14-01.34.55:051][317]LogLinker: Warning: Can't find file '/Game/Untitled_BuiltData'
[2019.11.14-01.34.55:051][317]LoadErrors: Failed to load /Game/Untitled_BuiltData.Untitled_BuiltData Referenced by PersistentLevel
[2019.11.14-01.34.55:051][317]LogLinker: Warning: Can't find file for asset '/Game/Untitled_BuiltData' while loading NULL.
[2019.11.14-01.34.55:058][317]LogMaterial: Display: Missing cached shader map for material Material, compiling. 
[2019.11.14-01.34.55:190][317]LogTexture: Display: Building textures: raccoon (AutoDXT, 2048X2048)
[2019.11.14-01.34.55:190][317]LogSkeletalMesh: Building Skeletal Mesh Character...
[2019.11.14-01.34.55:205][317]LogSkeletalMesh: Built Skeletal Mesh [0.02s] /Game/Character.Character
[2019.11.14-01.34.55:207][317]LogStaticMesh: Building static mesh c_Sphere_001...
[2019.11.14-01.34.55:235][317]LogStaticMesh: Built static mesh [0.03s] /Game/c_Sphere_001.c_Sphere_001
[2019.11.14-01.34.55:256][317]LogMaterial: Display: Missing cached shader map for material Material_002, compiling. 
[2019.11.14-01.34.55:312][317]LogMaterial: Display: Missing cached shader map for material Material_001, compiling. 
[2019.11.14-01.34.55:576][317]LogMaterial: Display: Missing cached shader map for material raccoon_Mat, compiling. 
[2019.11.14-01.34.55:667][317]LogStaticMesh: Building static mesh c_Sphere...
[2019.11.14-01.34.55:677][317]LogStaticMesh: Built static mesh [0.01s] /Game/c_Sphere.c_Sphere
[2019.11.14-01.34.55:684][317]LogAnimationCompression: Building Anim DDC data for AnimSequence /Game/Sad_Walk.Sad_Walk
[2019.11.14-01.34.55:684][317]LogAnimationCompression: Recompressing (AnimSequence /Game/Sad_Walk.Sad_Walk) using current/default (AnimCompress_BitwiseCompressOnly_1) bFirstRecompressUsingCurrentOrDefault(1) bTryAlternateCompressor(0) IsCompressedDataValid(0)
[2019.11.14-01.34.55:692][317]LogAnimationCompression: Building Anim DDC data for AnimSequence /Game/Character_Anim.Character_Anim
[2019.11.14-01.34.55:692][317]LogAnimationCompression: Recompressing (AnimSequence /Game/Character_Anim.Character_Anim) using current/default (AnimCompress_BitwiseCompressOnly_0) bFirstRecompressUsingCurrentOrDefault(1) bTryAlternateCompressor(0) IsCompressedDataValid(0)
[2019.11.14-01.34.55:737][317]LogAIModule: Creating AISystem for world Untitled
[2019.11.14-01.34.55:741][317]LogScript: Warning: Accessed None trying to read property CallFunc_GetPlayerController_ReturnValue1
	NewAnimBlueprint_C /Game/Untitled.Untitled:PersistentLevel.Character_BP_5.SkeletalMesh.NewAnimBlueprint_C_0
	Function /Game/NewAnimBlueprint.NewAnimBlueprint_C:ExecuteUbergraph_NewAnimBlueprint:00E6
[2019.11.14-01.34.55:745][317]LogScript: Warning: Accessed None trying to read property CallFunc_GetPlayerController_ReturnValue1
	NewAnimBlueprint_C /Game/Untitled.Untitled:PersistentLevel.Character_BP_5.SkeletalMesh.NewAnimBlueprint_C_0
	Function /Game/NewAnimBlueprint.NewAnimBlueprint_C:ExecuteUbergraph_NewAnimBlueprint:00E6
[2019.11.14-01.34.55:746][317]LogScript: Warning: Accessed None trying to read property CallFunc_GetPlayerController_ReturnValue1
	NewAnimBlueprint_C /Game/Untitled.Untitled:PersistentLevel.Character_BP_5.SkeletalMesh.NewAnimBlueprint_C_0
	Function /Game/NewAnimBlueprint.NewAnimBlueprint_C:ExecuteUbergraph_NewAnimBlueprint:00E6
[2019.11.14-01.34.55:772][317]LogAssetEditorManager: Opening Asset editor for World /Game/Untitled.Untitled
[2019.11.14-01.34.55:813][317]LogUObjectHash: Compacting FUObjectHashTables data took   2.68ms
[2019.11.14-01.34.55:815][317]Cmd: MAP LOAD FILE="../../../../../../Users/Alexandre/Documents/AnimGB/GB/Content/Untitled.umap" TEMPLATE=0 SHOWPROGRESS=1 FEATURELEVEL=3
[2019.11.14-01.34.55:815][317]LightingResults: New page: Lighting Build
[2019.11.14-01.34.55:816][317]LoadErrors: New page: Loading map: Untitled.umap
[2019.11.14-01.34.55:817][317]MapCheck: New page: Map Check
[2019.11.14-01.34.55:817][317]LightingResults: New page: Lighting Build
[2019.11.14-01.34.55:856][317]LogUObjectHash: Compacting FUObjectHashTables data took   4.61ms
[2019.11.14-01.34.55:858][317]LogScript: Warning: Accessed None trying to read property CallFunc_GetPlayerController_ReturnValue1
	NewAnimBlueprint_C /Game/Untitled.Untitled:PersistentLevel.Character_BP_5.SkeletalMesh.NewAnimBlueprint_C_0
	Function /Game/NewAnimBlueprint.NewAnimBlueprint_C:ExecuteUbergraph_NewAnimBlueprint:00E6
[2019.11.14-01.34.55:863][317]LogScript: Warning: Accessed None trying to read property CallFunc_GetPlayerController_ReturnValue1
	NewAnimBlueprint_C /Game/Untitled.Untitled:PersistentLevel.Character_BP_5.SkeletalMesh.NewAnimBlueprint_C_0
	Function /Game/NewAnimBlueprint.NewAnimBlueprint_C:ExecuteUbergraph_NewAnimBlueprint:00E6
[2019.11.14-01.34.55:865][317]LogScript: Warning: Accessed None trying to read property CallFunc_GetPlayerController_ReturnValue1
	NewAnimBlueprint_C /Game/Untitled.Untitled:PersistentLevel.Character_BP_5.SkeletalMesh.NewAnimBlueprint_C_0
	Function /Game/NewAnimBlueprint.NewAnimBlueprint_C:ExecuteUbergraph_NewAnimBlueprint:00E6
[2019.11.14-01.34.55:975][317]LogEditorServer: Finished looking for orphan Actors (0.000 secs)
[2019.11.14-01.34.56:019][317]LogUObjectHash: Compacting FUObjectHashTables data took   3.91ms
[2019.11.14-01.34.56:066][317]Cmd: MAP CHECKDEP NOCLEARLOG
[2019.11.14-01.34.56:067][317]MapCheck: Map check complete: 0 Error(s), 0 Warning(s), took 0.36ms to complete.
[2019.11.14-01.34.56:067][317]LogFileHelpers: Loading map 'Untitled' took 0.253
[2019.11.14-01.34.56:132][317]LogScript: Warning: Accessed None trying to read property CallFunc_GetPlayerController_ReturnValue1
	NewAnimBlueprint_C /Engine/Transient.World_0:PersistentLevel.Character_BP_C_0.SkeletalMesh.NewAnimBlueprint_C_0
	Function /Game/NewAnimBlueprint.NewAnimBlueprint_C:ExecuteUbergraph_NewAnimBlueprint:00E6
[2019.11.14-01.34.56:497][323]LogScript: Warning: Accessed None trying to read property CallFunc_GetPlayerController_ReturnValue1
	NewAnimBlueprint_C /Engine/Transient.World_6:PersistentLevel.SkeletalMeshActor_0.SkeletalMeshComponent0.NewAnimBlueprint_C_0
	Function /Game/NewAnimBlueprint.NewAnimBlueprint_C:ExecuteUbergraph_NewAnimBlueprint:00E6
[2019.11.14-01.34.59:584][406]LogShaderCompilers: Display: Shaders left to compile 200
[2019.11.14-01.35.00:017][419]LogShaderCompilers: Display: Shaders left to compile 190
[2019.11.14-01.35.01:349][459]LogShaderCompilers: Display: Shaders left to compile 180
[2019.11.14-01.35.02:062][480]LogShaderCompilers: Display: Shaders left to compile 170
[2019.11.14-01.35.03:450][522]LogShaderCompilers: Display: Shaders left to compile 160
[2019.11.14-01.35.05:249][576]LogShaderCompilers: Display: Shaders left to compile 150
[2019.11.14-01.35.05:483][583]LogShaderCompilers: Display: Shaders left to compile 140
[2019.11.14-01.35.06:994][628]LogShaderCompilers: Display: Shaders left to compile 130
[2019.11.14-01.35.07:692][649]LogShaderCompilers: Display: Shaders left to compile 120
[2019.11.14-01.35.09:364][699]LogShaderCompilers: Display: Shaders left to compile 110
[2019.11.14-01.35.09:650][708]LogShaderCompilers: Display: Shaders left to compile 100
[2019.11.14-01.35.11:194][754]LogShaderCompilers: Display: Shaders left to compile 90
[2019.11.14-01.35.12:521][794]LogShaderCompilers: Display: Shaders left to compile 80
[2019.11.14-01.35.12:915][806]LogShaderCompilers: Display: Shaders left to compile 70
[2019.11.14-01.35.15:421][881]LogShaderCompilers: Display: Shaders left to compile 60
[2019.11.14-01.35.16:601][916]LogShaderCompilers: Display: Shaders left to compile 50
[2019.11.14-01.35.17:142][933]LogShaderCompilers: Display: Shaders left to compile 40
[2019.11.14-01.35.18:768][981]LogShaderCompilers: Display: Shaders left to compile 30
[2019.11.14-01.35.19:376][  0]LogShaderCompilers: Display: Shaders left to compile 20
[2019.11.14-01.35.21:191][ 54]LogShaderCompilers: Display: Shaders left to compile 10
[2019.11.14-01.35.28:447][263]LogTemp: Repeating last play command: Selected Viewport
[2019.11.14-01.35.28:464][263]LogBlueprintUserMessages: Early PlayInEditor Detection: Level '/Game/Untitled.Untitled:PersistentLevel' has LevelScriptBlueprint '/Game/Untitled.Untitled:PersistentLevel.Untitled' with GeneratedClass '/Game/Untitled.Untitled_C' with ClassGeneratedBy '/Game/Untitled.Untitled:PersistentLevel.Untitled'
[2019.11.14-01.35.28:465][263]LogPlayLevel: PlayLevel: No blueprints needed recompiling
[2019.11.14-01.35.28:466][263]PIE: New page: PIE session: Untitled (Nov 13, 2019, 8:35:28 PM)
[2019.11.14-01.35.28:479][263]LogPlayLevel: Creating play world package: /Game/UEDPIE_0_Untitled
[2019.11.14-01.35.28:482][263]LogPlayLevel: PIE: StaticDuplicateObject took: (0.003069s)
[2019.11.14-01.35.28:483][263]LogAIModule: Creating AISystem for world Untitled
[2019.11.14-01.35.28:483][263]LogPlayLevel: PIE: World Init took: (0.000719s)
[2019.11.14-01.35.28:483][263]LogPlayLevel: PIE: Created PIE world by copying editor world from /Game/Untitled.Untitled to /Game/UEDPIE_0_Untitled.Untitled (0.004218s)
[2019.11.14-01.35.28:522][263]LogUObjectHash: Compacting FUObjectHashTables data took   2.02ms
[2019.11.14-01.35.28:532][263]LogInit: XAudio2 using 'Alto-falantes (Realtek High Definition Audio)' : 2 channels at 48 kHz using 32 bits per sample (channel mask 0x3)
[2019.11.14-01.35.28:567][263]LogInit: FAudioDevice initialized.
[2019.11.14-01.35.28:610][263]LogLoad: Game class is 'GameModeBase'
[2019.11.14-01.35.28:613][263]LogScript: Warning: Accessed None trying to read property CallFunc_GetPlayerController_ReturnValue1
	NewAnimBlueprint_C /Game/UEDPIE_0_Untitled.Untitled:PersistentLevel.Character_BP_5.SkeletalMesh.NewAnimBlueprint_C_0
	Function /Game/NewAnimBlueprint.NewAnimBlueprint_C:ExecuteUbergraph_NewAnimBlueprint:00E6
[2019.11.14-01.35.28:613][263]PIE: Error: Blueprint Runtime Error: "Accessed None trying to read property CallFunc_GetPlayerController_ReturnValue1". Blueprint:  NewAnimBlueprint Function:  Execute Ubergraph New Anim Blueprint Graph:  Transition Node:  Result
[2019.11.14-01.35.28:614][263]LogWorld: Bringing World /Game/UEDPIE_0_Untitled.Untitled up for play (max tick rate 60) at 2019.11.13-22.35.28
[2019.11.14-01.35.28:615][263]LogWorld: Bringing up level for play took: 0.002653
[2019.11.14-01.35.28:639][263]LogContentBrowser: Native class hierarchy updated for 'MovieSceneCapture' in 0.0006 seconds. Added 20 classes and 0 folders.
[2019.11.14-01.35.28:641][263]PIE: Play in editor start time for /Game/UEDPIE_0_Untitled -0.391
[2019.11.14-01.35.28:641][263]LogBlueprintUserMessages: Late PlayInEditor Detection: Level '/Game/Untitled.Untitled:PersistentLevel' has LevelScriptBlueprint '/Game/Untitled.Untitled:PersistentLevel.Untitled' with GeneratedClass '/Game/Untitled.Untitled_C' with ClassGeneratedBy '/Game/Untitled.Untitled:PersistentLevel.Untitled'
[2019.11.14-01.35.34:370][436]LogBlueprintUserMessages: Early EndPlayMap Detection: Level '/Game/Untitled.Untitled:PersistentLevel' has LevelScriptBlueprint '/Game/Untitled.Untitled:PersistentLevel.Untitled' with GeneratedClass '/Game/Untitled.Untitled_C' with ClassGeneratedBy '/Game/Untitled.Untitled:PersistentLevel.Untitled'
[2019.11.14-01.35.34:370][436]LogSlate: Updating window title bar state: overlay mode, drag disabled, window buttons hidden, title bar hidden
[2019.11.14-01.35.34:435][436]LogPlayLevel: Display: Shutting down PIE online subsystems
[2019.11.14-01.35.34:436][436]LogBlueprintUserMessages: Late EndPlayMap Detection: Level '/Game/Untitled.Untitled:PersistentLevel' has LevelScriptBlueprint '/Game/Untitled.Untitled:PersistentLevel.Untitled' with GeneratedClass '/Game/Untitled.Untitled_C' with ClassGeneratedBy '/Game/Untitled.Untitled:PersistentLevel.Untitled'
[2019.11.14-01.35.34:472][436]LogSlate: Updating window title bar state: overlay mode, drag disabled, window buttons hidden, title bar hidden
[2019.11.14-01.35.34:477][436]LogUObjectHash: Compacting FUObjectHashTables data took   2.32ms
[2019.11.14-01.35.34:486][436]LogSlate: FSceneViewport::OnFocusLost() reason 2
[2019.11.14-01.35.34:530][437]LogPlayLevel: Display: Destroying online subsystem :Context_8
[2019.11.14-01.35.36:428][459]LogSlate: Window 'Message Log' being destroyed
[2019.11.14-01.35.36:533][459]LogSlate: Window 'Message Log' being destroyed
[2019.11.14-01.35.37:931][478]LogSlate: FSceneViewport::OnFocusLost() reason 2
[2019.11.14-01.35.40:447][496]LogD3D11RHI: Timed out while waiting for GPU to catch up. (0.5 s)
[2019.11.14-01.35.40:458][496]LogD3D11RHI: Error: Result failed 
 at D:\Build\++UE4\Sync\Engine\Source\Runtime\Windows\D3D11RHI\Private\D3D11Query.cpp:296 
 with error DXGI_ERROR_DEVICE_REMOVED DXGI_ERROR_DEVICE_HUNG
[2019.11.14-01.35.40:458][496]LogD3D11RHI: [Aftermath] GDynamicRHI=000002679D66A080, GDX11NVAfterMathEnabled=0, Result=0xFFFFFFFF, bDeviceActive=0
[2019.11.14-01.35.40:458][496]LogWindows: Windows GetLastError: A operação foi concluída com êxito. (0)
[2019.11.14-01.35.42:349][496]LogThreadingWindows: Error: Runnable thread RenderThread 3 crashed.
[2019.11.14-01.35.42:349][496]LogOutputDevice: Warning: 

Script Stack (0 frames):

[2019.11.14-01.35.42:349][496]LogWindows: Error: === Critical error: ===
[2019.11.14-01.35.42:349][496]LogWindows: Error: 
[2019.11.14-01.35.42:349][496]LogWindows: Error: 
[2019.11.14-01.35.42:349][496]LogWindows: Error: Crash in runnable thread RenderThread 3
[2019.11.14-01.35.42:389][496]LogOutputDevice: Warning: 

Script Stack (0 frames):

[2019.11.14-01.35.42:389][496]LogWindows: Windows GetLastError: A operação foi concluída com êxito. (0)
[2019.11.14-01.35.42:389][496]LogWindows: Error: HandleError re-entered.
[2019.11.14-01.35.42:389][496]LogWindows: FPlatformMisc::RequestExit(1)
[2019.11.14-01.35.42:400][496]Log file closed, 11/13/19 22:35:42
